Copyright 1986-2016 Xilinx, Inc. All Rights Reserved.
-----------------------------------------------------------------------------------------------------------------------------------
| Tool Version : Vivado v.2016.4 (lin64) Build 1756540 Mon Jan 23 19:11:19 MST 2017
| Date         : Thu Feb  1 15:28:51 2018
| Host         : harmon-dynabook-KIRA-V632-26HS running 64-bit elementary OS 0.4 Loki
| Command      : report_methodology -file seq_latch_comb_methodology_drc_routed.rpt -rpx seq_latch_comb_methodology_drc_routed.rpx
| Design       : seq_latch_comb
| Device       : xc7k70tfbv676-1
| Speed File   : -1
| Design State : Routed
-----------------------------------------------------------------------------------------------------------------------------------

Report Methodology

Table of Contents
-----------------
1. REPORT SUMMARY
2. REPORT DETAILS

1. REPORT SUMMARY
-----------------
            Netlist: netlist
          Floorplan: design_1
      Design limits: <entire design considered>
             Max violations: <unlimited>
             Violations found: 10
+-----------+----------+-----------------------------+------------+
| Rule      | Severity | Description                 | Violations |
+-----------+----------+-----------------------------+------------+
| TIMING-17 | Warning  | Non-clocked sequential cell | 4          |
| TIMING-20 | Warning  | Non-clocked latch           | 6          |
+-----------+----------+-----------------------------+------------+

2. REPORT DETAILS
-----------------
TIMING-17#1 Warning
Non-clocked sequential cell  
The clock pin reg_seq_reg[0]/C is not reached by a timing clock
Related violations: <none>

TIMING-17#2 Warning
Non-clocked sequential cell  
The clock pin reg_seq_reg[0]_lopt_replica/C is not reached by a timing clock
Related violations: <none>

TIMING-17#3 Warning
Non-clocked sequential cell  
The clock pin reg_seq_reg[1]/C is not reached by a timing clock
Related violations: <none>

TIMING-17#4 Warning
Non-clocked sequential cell  
The clock pin reg_seq_reg[2]/C is not reached by a timing clock
Related violations: <none>

TIMING-20#1 Warning
Non-clocked latch  
The latch reg_comb_reg[0] cannot be properly analyzed as its control pin reg_comb_reg[0]/G is not reached by a timing clock
Related violations: <none>

TIMING-20#2 Warning
Non-clocked latch  
The latch reg_comb_reg[1] cannot be properly analyzed as its control pin reg_comb_reg[1]/G is not reached by a timing clock
Related violations: <none>

TIMING-20#3 Warning
Non-clocked latch  
The latch reg_comb_reg[2] cannot be properly analyzed as its control pin reg_comb_reg[2]/G is not reached by a timing clock
Related violations: <none>

TIMING-20#4 Warning
Non-clocked latch  
The latch reg_latch_reg[0] cannot be properly analyzed as its control pin reg_latch_reg[0]/G is not reached by a timing clock
Related violations: <none>

TIMING-20#5 Warning
Non-clocked latch  
The latch reg_latch_reg[1] cannot be properly analyzed as its control pin reg_latch_reg[1]/G is not reached by a timing clock
Related violations: <none>

TIMING-20#6 Warning
Non-clocked latch  
The latch reg_latch_reg[2] cannot be properly analyzed as its control pin reg_latch_reg[2]/G is not reached by a timing clock
Related violations: <none>


